# JRE version: OpenJDK Runtime Environment 18.9 (11.0.14.1+1) (build 11.0.14.1+1)
# Java VM: OpenJDK 64-Bit Server VM 18.9 (11.0.14.1+1, mixed mode, tiered, compressed oops, g1 gc, windows-amd64)
Heap:
 garbage-first heap   total 262144K, used 112566K [0x00000000e0000000, 0x0000000100000000)
  region size 1024K, 86 young (88064K), 19 survivors (19456K)
 Metaspace       used 61776K, capacity 63378K, committed 63440K, reserved 309248K
  class space    used 7736K, capacity 8306K, committed 8320K, reserved 253952K
GC Heap History (12 events):
Event: 0.803 GC heap before
{Heap before GC invocations=0 (full 0):
 garbage-first heap   total 262144K, used 29696K [0x00000000e0000000, 0x0000000100000000)
  region size 1024K, 24 young (24576K), 0 survivors (0K)
 Metaspace       used 10339K, capacity 10545K, committed 10624K, reserved 264192K
  class space    used 1065K, capacity 1131K, committed 1152K, reserved 253952K
}
Event: 0.807 GC heap after
{Heap after GC invocations=1 (full 0):
 garbage-first heap   total 262144K, used 8966K [0x00000000e0000000, 0x0000000100000000)
  region size 1024K, 3 young (3072K), 3 survivors (3072K)
 Metaspace       used 10339K, capacity 10545K, committed 10624K, reserved 264192K
  class space    used 1065K, capacity 1131K, committed 1152K, reserved 253952K
}
Event: 2.517 GC heap before
{Heap before GC invocations=1 (full 0):
 garbage-first heap   total 262144K, used 93958K [0x00000000e0000000, 0x0000000100000000)
  region size 1024K, 87 young (89088K), 3 survivors (3072K)
 Metaspace       used 20748K, capacity 21205K, committed 21296K, reserved 274432K
  class space    used 2503K, capacity 2674K, committed 2688K, reserved 253952K
}
Event: 2.526 GC heap after
{Heap after GC invocations=2 (full 0):
 garbage-first heap   total 262144K, used 16287K [0x00000000e0000000, 0x0000000100000000)
  region size 1024K, 11 young (11264K), 11 survivors (11264K)
 Metaspace       used 20748K, capacity 21205K, committed 21296K, reserved 274432K
  class space    used 2503K, capacity 2674K, committed 2688K, reserved 253952K
}
Event: 2.848 GC heap before
{Heap before GC invocations=3 (full 0):
 garbage-first heap   total 262144K, used 43935K [0x00000000e0000000, 0x0000000100000000)
  region size 1024K, 38 young (38912K), 11 survivors (11264K)
 Metaspace       used 23468K, capacity 24003K, committed 24112K, reserved 276480K
  class space    used 2949K, capacity 3162K, committed 3200K, reserved 253952K
}
Event: 2.855 GC heap after
{Heap after GC invocations=4 (full 0):
 garbage-first heap   total 262144K, used 17118K [0x00000000e0000000, 0x0000000100000000)
  region size 1024K, 2 young (2048K), 2 survivors (2048K)
 Metaspace       used 23468K, capacity 24003K, committed 24112K, reserved 276480K
  class space    used 2949K, capacity 3162K, committed 3200K, reserved 253952K
}
Event: 4.341 GC heap before
{Heap before GC invocations=4 (full 0):
 garbage-first heap   total 262144K, used 98014K [0x00000000e0000000, 0x0000000100000000)
  region size 1024K, 82 young (83968K), 2 survivors (2048K)
 Metaspace       used 35008K, capacity 35735K, committed 35920K, reserved 286720K
  class space    used 4483K, capacity 4754K, committed 4864K, reserved 253952K
}
Event: 4.350 GC heap after
{Heap after GC invocations=5 (full 0):
 garbage-first heap   total 262144K, used 21876K [0x00000000e0000000, 0x0000000100000000)
  region size 1024K, 6 young (6144K), 6 survivors (6144K)
 Metaspace       used 35008K, capacity 35735K, committed 35920K, reserved 286720K
  class space    used 4483K, capacity 4754K, committed 4864K, reserved 253952K
}
Event: 11.016 GC heap before
{Heap before GC invocations=6 (full 0):
 garbage-first heap   total 262144K, used 152948K [0x00000000e0000000, 0x0000000100000000)
  region size 1024K, 131 young (134144K), 6 survivors (6144K)
 Metaspace       used 45002K, capacity 46074K, committed 46160K, reserved 294912K
  class space    used 5672K, capacity 6073K, committed 6144K, reserved 253952K
}
Event: 11.027 GC heap after
{Heap after GC invocations=7 (full 0):
 garbage-first heap   total 262144K, used 30012K [0x00000000e0000000, 0x0000000100000000)
  region size 1024K, 14 young (14336K), 14 survivors (14336K)
 Metaspace       used 45002K, capacity 46074K, committed 46160K, reserved 294912K
  class space    used 5672K, capacity 6073K, committed 6144K, reserved 253952K
}
Event: 13.663 GC heap before
{Heap before GC invocations=7 (full 0):
 garbage-first heap   total 262144K, used 161084K [0x00000000e0000000, 0x0000000100000000)
  region size 1024K, 141 young (144384K), 14 survivors (14336K)
 Metaspace       used 58773K, capacity 60163K, committed 60240K, reserved 307200K
  class space    used 7317K, capacity 7877K, committed 7936K, reserved 253952K
}
Event: 13.691 GC heap after
{Heap after GC invocations=8 (full 0):
 garbage-first heap   total 262144K, used 44982K [0x00000000e0000000, 0x0000000100000000)
  region size 1024K, 19 young (19456K), 19 survivors (19456K)
 Metaspace       used 58773K, capacity 60163K, committed 60240K, reserved 307200K
  class space    used 7317K, capacity 7877K, committed 7936K, reserved 253952K
}

